Build started 11/13/2023 5:47:54 AM.
     1>Project "C:\Users\Dennis Gaming\Desktop\eAmod Nov 11, 2023 working\eAmod 2011-12-28\vcproj-12\common.vcxproj" on node 2 (Build target(s)).
     1>ClCompile:
         C:\Program Files (x86)\Microsoft Visual Studio 12.0\VC\bin\CL.exe /c /I..\src\common /I..\3rdparty\msinttypes\include /I..\3rdparty\mt19937ar /I..\3rdparty\zlib\old\include /Zi /nologo /W3 /WX- /MP /O2 /Oy- /GL /D WIN32 /D NDEBUG /D _LIB /D FD_SETSIZE=4096 /D _MBCS /Gm- /EHsc /MT /GS /Gy /fp:precise /Zc:wchar_t /Zc:forScope /Fo"common\Release\\" /Fd"common\Release\vc120.pdb" /Gd /TC /wd4996 /FIconfig.vc.h /analyze- /errorReport:prompt ..\3rdparty\mt19937ar\mt19937ar.c ..\src\common\core.c ..\src\common\db.c ..\src\common\des.c ..\src\common\ers.c ..\src\common\grfio.c ..\src\common\lock.c ..\src\common\malloc.c ..\src\common\mapindex.c ..\src\common\md5calc.c ..\src\common\nullpo.c ..\src\common\plugins.c ..\src\common\random.c ..\src\common\showmsg.c ..\src\common\socket.c ..\src\common\strlib.c ..\src\common\timer.c ..\src\common\utils.c
         mt19937ar.c
         core.c
         db.c
         des.c
         ers.c
         grfio.c
         lock.c
         malloc.c
         mapindex.c
         md5calc.c
         nullpo.c
         plugins.c
         random.c
         showmsg.c
         socket.c
         strlib.c
         timer.c
         utils.c
       Lib:
         C:\Program Files (x86)\Microsoft Visual Studio 12.0\VC\bin\Lib.exe /OUT:"common\Release\common.lib" ws2_32.lib zdll.lib /LIBPATH:..\3rdparty\zlib\old\lib /NOLOGO /NODEFAULTLIB /LTCG /ignore:4006 /ignore:4221 common\Release\mt19937ar.obj
         common\Release\core.obj
         common\Release\db.obj
         common\Release\des.obj
         common\Release\ers.obj
         common\Release\grfio.obj
         common\Release\lock.obj
         common\Release\malloc.obj
         common\Release\mapindex.obj
         common\Release\md5calc.obj
         common\Release\nullpo.obj
         common\Release\plugins.obj
         common\Release\random.obj
         common\Release\showmsg.obj
         common\Release\socket.obj
         common\Release\strlib.obj
         common\Release\timer.obj
         common\Release\utils.obj
         common.vcxproj -> C:\Users\Dennis Gaming\Desktop\eAmod Nov 11, 2023 working\eAmod 2011-12-28\vcproj-12\common\Release\common.lib
     1>Done Building Project "C:\Users\Dennis Gaming\Desktop\eAmod Nov 11, 2023 working\eAmod 2011-12-28\vcproj-12\common.vcxproj" (Build target(s)).

Build succeeded.

Time Elapsed 00:00:05.54
