Build started 11/13/2023 5:48:02 AM.
     1>Project "C:\Users\Dennis Gaming\Desktop\eAmod Nov 11, 2023 working\eAmod 2011-12-28\vcproj-12\login-server_sql.vcxproj" on node 3 (Build target(s)).
     1>ClCompile:
         C:\Program Files (x86)\Microsoft Visual Studio 12.0\VC\bin\CL.exe /c /I..\src\common /I..\3rdparty\msinttypes\include /Zi /nologo /W3 /WX- /MP /O2 /Oy- /GL /D WIN32 /D NDEBUG /D WITH_SQL /D _VC80_UPGRADE=0x0710 /D _MBCS /Gm- /EHsc /MT /GS /fp:precise /Zc:wchar_t /Zc:forScope /Fo"login-server_sql\Release\\" /Fd"login-server_sql\Release\vc120.pdb" /Gd /TC /wd4100 /wd4800 /wd4996 /FIconfig.vc.h /analyze- /errorReport:prompt ..\src\login\account_sql.c ..\src\login\ipban_sql.c ..\src\login\login.c ..\src\login\loginlog_sql.c
         account_sql.c
         ipban_sql.c
         login.c
         loginlog_sql.c
       Link:
         C:\Program Files (x86)\Microsoft Visual Studio 12.0\VC\bin\link.exe /ERRORREPORT:PROMPT /OUT:"..\login-server_sql.exe" /INCREMENTAL:NO /NOLOGO libcmt.lib oldnames.lib kernel32.lib user32.lib gdi32.lib winspool.lib comdlg32.lib advapi32.lib shell32.lib ole32.lib oleaut32.lib uuid.lib odbc32.lib odbccp32.lib /NODEFAULTLIB /MANIFEST /MANIFESTUAC:"level='asInvoker' uiAccess='false'" /manifest:embed /DEBUG /PDB:"..\login-server_sql.pdb" /SUBSYSTEM:CONSOLE /OPT:REF /OPT:ICF /LTCG /TLBID:1 /DYNAMICBASE:NO /NXCOMPAT /IMPLIB:"..\login-server_sql.lib" /MACHINE:X86 /SAFESEH "login-server_sql\Release\account_sql.obj"
         "login-server_sql\Release\ipban_sql.obj"
         "login-server_sql\Release\login.obj"
         "login-server_sql\Release\loginlog_sql.obj"
         "C:\Users\Dennis Gaming\Desktop\eAmod Nov 11, 2023 working\eAmod 2011-12-28\vcproj-12\common\Release\common.lib"
         "C:\Users\Dennis Gaming\Desktop\eAmod Nov 11, 2023 working\eAmod 2011-12-28\vcproj-12\common_sql\Release\common_sql.lib"
         Generating code
         Finished generating code
         login-server_sql.vcxproj -> C:\Users\Dennis Gaming\Desktop\eAmod Nov 11, 2023 working\eAmod 2011-12-28\vcproj-12\..\login-server_sql.exe
     1>Done Building Project "C:\Users\Dennis Gaming\Desktop\eAmod Nov 11, 2023 working\eAmod 2011-12-28\vcproj-12\login-server_sql.vcxproj" (Build target(s)).

Build succeeded.

Time Elapsed 00:00:09.76
